<?xml version="1.0" encoding="UTF-8"?>
<!-- Generated by org.testng.reporters.JUnitXMLReporter -->
<testsuite ignored="8" hostname="DESKTOP-6J66VIM" failures="0" tests="3" name="Regression" time="0.094" errors="0" timestamp="2024-06-06T14:17:57 IST">
  <testcase classname="com.TestNGDemo.groupAnnotationA" name="TestD" time="0.012"/>
  <testcase classname="com.TestNGDemo.groupAnnotationB" name="NehaD" time="0.002"/>
  <testcase classname="com.TestNGDemo.groupAnnotationC" name="pankajB" time="0.001"/>
  <testcase classname="com.TestNGDemo.groupAnnotationA" name="TestB" time="0.0">
    <ignored/>
  </testcase> <!-- TestB -->
  <testcase classname="com.TestNGDemo.groupAnnotationA" name="TestC" time="0.0">
    <ignored/>
  </testcase> <!-- TestC -->
  <testcase classname="com.TestNGDemo.groupAnnotationA" name="TestA" time="0.0">
    <ignored/>
  </testcase> <!-- TestA -->
  <testcase classname="com.TestNGDemo.groupAnnotationB" name="NehaC" time="0.0">
    <ignored/>
  </testcase> <!-- NehaC -->
  <testcase classname="com.TestNGDemo.groupAnnotationC" name="pankajA" time="0.0">
    <ignored/>
  </testcase> <!-- pankajA -->
  <testcase classname="com.TestNGDemo.groupAnnotationB" name="NehaB" time="0.0">
    <ignored/>
  </testcase> <!-- NehaB -->
  <testcase classname="com.TestNGDemo.groupAnnotationB" name="NehaA" time="0.0">
    <ignored/>
  </testcase> <!-- NehaA -->
  <testcase classname="com.TestNGDemo.groupAnnotationA" name="TestE" time="0.0">
    <ignored/>
  </testcase> <!-- TestE -->
</testsuite> <!-- Regression -->
